<?xml version="1.0" encoding="UTF-8"?>
<!-- Generated by org.testng.reporters.JUnitReportReporter -->
<testsuite hostname="LAPTOP-HHI2Q061" failures="0" tests="5" name="testscripts.LoginTest" time="30.931" errors="0" timestamp="2026-01-15T18:37:52 AST" skipped="0">
  <testcase classname="testscripts.LoginTest" name="validateUserLoginWithValidCredentials" time="8.761"/>
  <testcase classname="testscripts.LoginTest" name="validateUserWithInvalidUserNameValidPassword" time="6.144"/>
  <testcase classname="testscripts.LoginTest" name="validateUserWithvalidUserNameInValidPassword" time="5.280"/>
  <testcase classname="testscripts.LoginTest" name="validateUserWithInvalidUserNameAndInValidPassword" time="4.970"/>
  <testcase classname="testscripts.LoginTest" name="validateUserWithInvalidUserNameAndInValidPassword" time="5.776"/>
</testsuite> <!-- testscripts.LoginTest -->
