<?xml version="1.0" encoding="UTF-8"?>
<!-- Generated by org.testng.reporters.JUnitXMLReporter -->
<testsuite ignored="0" hostname="LAPTOP-HHI2Q061" failures="0" tests="5" name="Test" time="31.007" errors="0" timestamp="2026-01-15T18:37:51 AST">
  <testcase classname="testscripts.LoginTest" name="validateUserLoginWithValidCredentials" time="4.721"/>
  <testcase classname="testscripts.LoginTest" name="validateUserWithInvalidUserNameValidPassword" time="0.96"/>
  <testcase classname="testscripts.LoginTest" name="validateUserWithvalidUserNameInValidPassword" time="1.151"/>
  <testcase classname="testscripts.LoginTest" name="validateUserWithInvalidUserNameAndInValidPassword" time="1.239"/>
  <testcase classname="testscripts.LoginTest" name="validateUserWithInvalidUserNameAndInValidPassword" time="1.298"/>
</testsuite> <!-- Test -->
