<?xml version="1.0" encoding="UTF-8"?>
<testng-results ignored="0" total="5" passed="5" failed="0" skipped="0">
  <reporter-output>
  </reporter-output>
  <suite started-at="2026-01-14T18:32:20 AST" name="Suite" finished-at="2026-01-14T18:33:09 AST" duration-ms="49394">
    <groups>
      <group name="Smoke">
        <method signature="LoginTest.validateUserLoginWithValidCredentials()[pri:1, instance:testscripts.LoginTest@7ac296f6]" name="validateUserLoginWithValidCredentials" class="testscripts.LoginTest"/>
        <method signature="LoginTest.validateUserWithInvalidUserNameAndInValidPassword(java.lang.String,java.lang.String)[pri:4, instance:testscripts.LoginTest@7ac296f6]" name="validateUserWithInvalidUserNameAndInValidPassword" class="testscripts.LoginTest"/>
      </group> <!-- Smoke -->
    </groups>
    <test started-at="2026-01-14T18:32:20 AST" name="Test" finished-at="2026-01-14T18:33:09 AST" duration-ms="49394">
      <class name="testscripts.LoginTest">
        <test-method is-config="true" signature="initialiseBrowser(java.lang.String)[pri:0, instance:testscripts.LoginTest@7ac296f6]" started-at="2026-01-14T18:32:20 AST" name="initialiseBrowser" finished-at="2026-01-14T18:32:26 AST" duration-ms="6427" status="PASS">
          <params>
            <param index="0">
              <value>
                <![CDATA[chrome]]>
              </value>
            </param>
          </params>
          <reporter-output>
          </reporter-output>
        </test-method> <!-- initialiseBrowser -->
        <test-method signature="validateUserLoginWithValidCredentials()[pri:1, instance:testscripts.LoginTest@7ac296f6]" started-at="2026-01-14T18:32:26 AST" name="validateUserLoginWithValidCredentials" description="User is trying to login with valid credentials" finished-at="2026-01-14T18:32:34 AST" duration-ms="7662" status="PASS">
          <reporter-output>
          </reporter-output>
        </test-method> <!-- validateUserLoginWithValidCredentials -->
        <test-method is-config="true" signature="driverQuit(org.testng.ITestResult)[pri:0, instance:testscripts.LoginTest@7ac296f6]" started-at="2026-01-14T18:32:34 AST" name="driverQuit" finished-at="2026-01-14T18:32:34 AST" duration-ms="19" status="PASS">
          <params>
            <param index="0">
              <value>
                <![CDATA[[TestResult name=validateUserLoginWithValidCredentials status=SUCCESS method=LoginTest.validateUserLoginWithValidCredentials()[pri:1, instance:testscripts.LoginTest@7ac296f6] output={null}]]]>
              </value>
            </param>
          </params>
          <reporter-output>
          </reporter-output>
        </test-method> <!-- driverQuit -->
        <test-method is-config="true" signature="initialiseBrowser(java.lang.String)[pri:0, instance:testscripts.LoginTest@7ac296f6]" started-at="2026-01-14T18:32:34 AST" name="initialiseBrowser" finished-at="2026-01-14T18:32:44 AST" duration-ms="9244" status="PASS">
          <params>
            <param index="0">
              <value>
                <![CDATA[chrome]]>
              </value>
            </param>
          </params>
          <reporter-output>
          </reporter-output>
        </test-method> <!-- initialiseBrowser -->
        <test-method signature="validateUserWithInvalidUserNameValidPassword()[pri:2, instance:testscripts.LoginTest@7ac296f6]" started-at="2026-01-14T18:32:44 AST" name="validateUserWithInvalidUserNameValidPassword" description="User is trying to login with invalid user name and valid password" finished-at="2026-01-14T18:32:45 AST" duration-ms="1040" status="PASS">
          <reporter-output>
          </reporter-output>
        </test-method> <!-- validateUserWithInvalidUserNameValidPassword -->
        <test-method is-config="true" signature="driverQuit(org.testng.ITestResult)[pri:0, instance:testscripts.LoginTest@7ac296f6]" started-at="2026-01-14T18:32:45 AST" name="driverQuit" finished-at="2026-01-14T18:32:45 AST" duration-ms="2" status="PASS">
          <params>
            <param index="0">
              <value>
                <![CDATA[[TestResult name=validateUserWithInvalidUserNameValidPassword status=SUCCESS method=LoginTest.validateUserWithInvalidUserNameValidPassword()[pri:2, instance:testscripts.LoginTest@7ac296f6] output={null}]]]>
              </value>
            </param>
          </params>
          <reporter-output>
          </reporter-output>
        </test-method> <!-- driverQuit -->
        <test-method is-config="true" signature="initialiseBrowser(java.lang.String)[pri:0, instance:testscripts.LoginTest@7ac296f6]" started-at="2026-01-14T18:32:45 AST" name="initialiseBrowser" finished-at="2026-01-14T18:32:49 AST" duration-ms="4628" status="PASS">
          <params>
            <param index="0">
              <value>
                <![CDATA[chrome]]>
              </value>
            </param>
          </params>
          <reporter-output>
          </reporter-output>
        </test-method> <!-- initialiseBrowser -->
        <test-method signature="validateUserWithvalidUserNameInValidPassword()[pri:3, instance:testscripts.LoginTest@7ac296f6]" started-at="2026-01-14T18:32:49 AST" name="validateUserWithvalidUserNameInValidPassword" description="User is trying to login with valid user name and invalid password" finished-at="2026-01-14T18:32:59 AST" duration-ms="10264" status="PASS">
          <reporter-output>
          </reporter-output>
        </test-method> <!-- validateUserWithvalidUserNameInValidPassword -->
        <test-method is-config="true" signature="driverQuit(org.testng.ITestResult)[pri:0, instance:testscripts.LoginTest@7ac296f6]" started-at="2026-01-14T18:33:00 AST" name="driverQuit" finished-at="2026-01-14T18:33:00 AST" duration-ms="0" status="PASS">
          <params>
            <param index="0">
              <value>
                <![CDATA[[TestResult name=validateUserWithvalidUserNameInValidPassword status=SUCCESS method=LoginTest.validateUserWithvalidUserNameInValidPassword()[pri:3, instance:testscripts.LoginTest@7ac296f6] output={null}]]]>
              </value>
            </param>
          </params>
          <reporter-output>
          </reporter-output>
        </test-method> <!-- driverQuit -->
        <test-method is-config="true" signature="initialiseBrowser(java.lang.String)[pri:0, instance:testscripts.LoginTest@7ac296f6]" started-at="2026-01-14T18:33:00 AST" name="initialiseBrowser" finished-at="2026-01-14T18:33:04 AST" duration-ms="4216" status="PASS">
          <params>
            <param index="0">
              <value>
                <![CDATA[chrome]]>
              </value>
            </param>
          </params>
          <reporter-output>
          </reporter-output>
        </test-method> <!-- initialiseBrowser -->
        <test-method signature="validateUserWithInvalidUserNameAndInValidPassword(java.lang.String,java.lang.String)[pri:4, instance:testscripts.LoginTest@7ac296f6]" started-at="2026-01-14T18:33:04 AST" name="validateUserWithInvalidUserNameAndInValidPassword" description="User is trying to login with invalid credentials" data-provider="loginProvider" finished-at="2026-01-14T18:33:05 AST" duration-ms="913" status="PASS">
          <params>
            <param index="0">
              <value>
                <![CDATA[admin]]>
              </value>
            </param>
            <param index="1">
              <value>
                <![CDATA[admin22]]>
              </value>
            </param>
          </params>
          <reporter-output>
          </reporter-output>
        </test-method> <!-- validateUserWithInvalidUserNameAndInValidPassword -->
        <test-method is-config="true" signature="driverQuit(org.testng.ITestResult)[pri:0, instance:testscripts.LoginTest@7ac296f6]" started-at="2026-01-14T18:33:05 AST" name="driverQuit" finished-at="2026-01-14T18:33:05 AST" duration-ms="2" status="PASS">
          <params>
            <param index="0">
              <value>
                <![CDATA[[TestResult name=validateUserWithInvalidUserNameAndInValidPassword status=SUCCESS method=LoginTest.validateUserWithInvalidUserNameAndInValidPassword(java.lang.String,java.lang.String)[pri:4, instance:testscripts.LoginTest@7ac296f6] output={null}]]]>
              </value>
            </param>
          </params>
          <reporter-output>
          </reporter-output>
        </test-method> <!-- driverQuit -->
        <test-method is-config="true" signature="initialiseBrowser(java.lang.String)[pri:0, instance:testscripts.LoginTest@7ac296f6]" started-at="2026-01-14T18:33:05 AST" name="initialiseBrowser" finished-at="2026-01-14T18:33:08 AST" duration-ms="3753" status="PASS">
          <params>
            <param index="0">
              <value>
                <![CDATA[chrome]]>
              </value>
            </param>
          </params>
          <reporter-output>
          </reporter-output>
        </test-method> <!-- initialiseBrowser -->
        <test-method signature="validateUserWithInvalidUserNameAndInValidPassword(java.lang.String,java.lang.String)[pri:4, instance:testscripts.LoginTest@7ac296f6]" started-at="2026-01-14T18:33:08 AST" name="validateUserWithInvalidUserNameAndInValidPassword" description="User is trying to login with invalid credentials" data-provider="loginProvider" finished-at="2026-01-14T18:33:09 AST" duration-ms="953" status="PASS">
          <params>
            <param index="0">
              <value>
                <![CDATA[admin123]]>
              </value>
            </param>
            <param index="1">
              <value>
                <![CDATA[123]]>
              </value>
            </param>
          </params>
          <reporter-output>
          </reporter-output>
        </test-method> <!-- validateUserWithInvalidUserNameAndInValidPassword -->
        <test-method is-config="true" signature="driverQuit(org.testng.ITestResult)[pri:0, instance:testscripts.LoginTest@7ac296f6]" started-at="2026-01-14T18:33:09 AST" name="driverQuit" finished-at="2026-01-14T18:33:09 AST" duration-ms="1" status="PASS">
          <params>
            <param index="0">
              <value>
                <![CDATA[[TestResult name=validateUserWithInvalidUserNameAndInValidPassword status=SUCCESS method=LoginTest.validateUserWithInvalidUserNameAndInValidPassword(java.lang.String,java.lang.String)[pri:4, instance:testscripts.LoginTest@7ac296f6] output={null}]]]>
              </value>
            </param>
          </params>
          <reporter-output>
          </reporter-output>
        </test-method> <!-- driverQuit -->
      </class> <!-- testscripts.LoginTest -->
    </test> <!-- Test -->
  </suite> <!-- Suite -->
</testng-results>
