<?xml version="1.0" encoding="UTF-8"?>
<!-- Generated by org.testng.reporters.JUnitXMLReporter -->
<testsuite ignored="0" hostname="LAPTOP-HHI2Q061" failures="0" tests="5" name="Test" time="49.394" errors="0" timestamp="2026-01-14T18:33:10 AST">
  <testcase classname="testscripts.LoginTest" name="validateUserLoginWithValidCredentials" time="7.662"/>
  <testcase classname="testscripts.LoginTest" name="validateUserWithInvalidUserNameValidPassword" time="1.04"/>
  <testcase classname="testscripts.LoginTest" name="validateUserWithvalidUserNameInValidPassword" time="10.264"/>
  <testcase classname="testscripts.LoginTest" name="validateUserWithInvalidUserNameAndInValidPassword" time="0.913"/>
  <testcase classname="testscripts.LoginTest" name="validateUserWithInvalidUserNameAndInValidPassword" time="0.953"/>
</testsuite> <!-- Test -->
