<?xml version="1.0" encoding="UTF-8"?>
<!-- Generated by org.testng.reporters.JUnitXMLReporter -->
<testsuite ignored="0" hostname="LAPTOP-HHI2Q061" failures="0" tests="4" name="Chrometest" time="25.48" errors="0" timestamp="2026-01-13T18:05:33 AST">
  <testcase classname="testscripts.LoginTest" name="validateUserLoginWithValidCredentials" time="4.817"/>
  <testcase classname="testscripts.LoginTest" name="validateUserWithInvalidUserNameValidPassword" time="0.998"/>
  <testcase classname="testscripts.LoginTest" name="validateUserWithvalidUserNameInValidPassword" time="0.981"/>
  <testcase classname="testscripts.LoginTest" name="validateUserWithInvalidUserNameAndInValidPassword" time="1.021"/>
</testsuite> <!-- Chrometest -->
