<?xml version="1.0" encoding="UTF-8"?>
<!-- Generated by org.testng.reporters.JUnitReportReporter -->
<testsuite hostname="LAPTOP-HHI2Q061" failures="0" tests="3" name="testscripts.AdminTest" time="28.190" errors="0" timestamp="2026-01-13T18:27:32 AST" skipped="0">
  <testcase classname="testscripts.AdminTest" name="validateAddNewUsers" time="11.200"/>
  <testcase classname="testscripts.AdminTest" name="validateSearchUsers" time="7.948"/>
  <testcase classname="testscripts.AdminTest" name="validateResetLink" time="9.042"/>
</testsuite> <!-- testscripts.AdminTest -->
