<?xml version="1.0" encoding="UTF-8"?>
<!-- Generated by org.testng.reporters.JUnitReportReporter -->
<testsuite hostname="LAPTOP-HHI2Q061" failures="0" tests="5" name="testscripts.LoginTest" time="49.124" errors="0" timestamp="2026-01-14T18:33:10 AST" skipped="0">
  <testcase classname="testscripts.LoginTest" name="validateUserLoginWithValidCredentials" time="16.907"/>
  <testcase classname="testscripts.LoginTest" name="validateUserWithInvalidUserNameValidPassword" time="5.668"/>
  <testcase classname="testscripts.LoginTest" name="validateUserWithvalidUserNameInValidPassword" time="14.019"/>
  <testcase classname="testscripts.LoginTest" name="validateUserWithInvalidUserNameAndInValidPassword" time="7.359"/>
  <testcase classname="testscripts.LoginTest" name="validateUserWithInvalidUserNameAndInValidPassword" time="5.171"/>
</testsuite> <!-- testscripts.LoginTest -->
