<?xml version="1.0" encoding="UTF-8"?>
<!-- Generated by org.testng.reporters.JUnitReportReporter -->
<testsuite hostname="LAPTOP-HHI2Q061" failures="0" tests="2" name="testscripts.ManageNewsTest" time="18.158" errors="0" timestamp="2026-01-13T18:09:23 AST" skipped="0">
  <testcase classname="testscripts.ManageNewsTest" name="validateAddNews" time="10.081"/>
  <testcase classname="testscripts.ManageNewsTest" name="validateSearchNews" time="8.077"/>
</testsuite> <!-- testscripts.ManageNewsTest -->
