<?xml version="1.0" encoding="UTF-8"?>
<!-- Generated by org.testng.reporters.JUnitXMLReporter -->
<testsuite ignored="2" hostname="LAPTOP-HHI2Q061" failures="0" tests="2" name="Test" time="13.061" errors="0" timestamp="2026-01-13T17:57:32 AST">
  <testcase classname="testscripts.LoginTest" name="validateUserLoginWithValidCredentials" time="3.035"/>
  <testcase classname="testscripts.LoginTest" name="validateUserWithInvalidUserNameAndInValidPassword" time="1.081"/>
  <testcase classname="testscripts.LoginTest" name="validateUserWithvalidUserNameInValidPassword" time="0.0">
    <ignored/>
  </testcase> <!-- validateUserWithvalidUserNameInValidPassword -->
  <testcase classname="testscripts.LoginTest" name="validateUserWithInvalidUserNameValidPassword" time="0.0">
    <ignored/>
  </testcase> <!-- validateUserWithInvalidUserNameValidPassword -->
</testsuite> <!-- Test -->
