<?xml version="1.0" encoding="UTF-8"?>
<!-- Generated by org.testng.reporters.JUnitXMLReporter -->
<testsuite ignored="0" hostname="LAPTOP-HHI2Q061" failures="0" tests="4" name="Test1" time="25.618" errors="0" timestamp="2026-01-13T18:04:14 AST">
  <testcase classname="testscripts.LoginTest" name="validateUserLoginWithValidCredentials" time="4.824"/>
  <testcase classname="testscripts.LoginTest" name="validateUserWithInvalidUserNameValidPassword" time="1.074"/>
  <testcase classname="testscripts.LoginTest" name="validateUserWithvalidUserNameInValidPassword" time="1.045"/>
  <testcase classname="testscripts.LoginTest" name="validateUserWithInvalidUserNameAndInValidPassword" time="1.248"/>
</testsuite> <!-- Test1 -->
